Using pre-set license
Built from '2020.3/staging' branch; Version is '2020.3.5f1 (8095aa901b9b) revision 8426922'; Using compiler version '192528614'; Build Type 'Release'
OS: 'Windows 10 Home; OS build 19042.985; Version 2009; 64bit' Language: 'en' Physical Memory: 32617 MB
BatchMode: 1, IsHumanControllingUs: 0, StartBugReporterOnCrash: 0, Is64bit: 1, IsPro: 0

 COMMAND LINE ARGUMENTS:
C:\Program Files\Unity\Hub\Editor\2020.3.5f1\Editor\Unity.exe
-adb2
-batchMode
-noUpm
-name
AssetImportWorker0
-projectPath
D:/UnityGames/2D-Action-RPG-proto
-logFile
Logs/AssetImportWorker0.log
-srvPort
55696
Successfully changed project path to: D:/UnityGames/2D-Action-RPG-proto
D:/UnityGames/2D-Action-RPG-proto
Using Asset Import Pipeline V2.
Refreshing native plugins compatible for Editor in 57.73 ms, found 1 plugins.
Preloading 0 native plugins for Editor in 0.00 ms.
Initialize engine version: 2020.3.5f1 (8095aa901b9b)
[Subsystems] Discovering subsystems at path C:/Program Files/Unity/Hub/Editor/2020.3.5f1/Editor/Data/Resources/UnitySubsystems
[Subsystems] Discovering subsystems at path D:/UnityGames/2D-Action-RPG-proto/Assets
GfxDevice: creating device client; threaded=0
Direct3D:
    Version:  Direct3D 11.0 [level 11.1]
    Renderer: NVIDIA GeForce RTX 2070 (ID=0x1f10)
    Vendor:   
    VRAM:     8031 MB
    Driver:   27.21.14.5671
Initialize mono
Mono path[0] = 'C:/Program Files/Unity/Hub/Editor/2020.3.5f1/Editor/Data/Managed'
Mono path[1] = 'C:/Program Files/Unity/Hub/Editor/2020.3.5f1/Editor/Data/MonoBleedingEdge/lib/mono/unityjit'
Mono config path = 'C:/Program Files/Unity/Hub/Editor/2020.3.5f1/Editor/Data/MonoBleedingEdge/etc'
Using monoOptions --debugger-agent=transport=dt_socket,embedding=1,server=y,suspend=n,address=127.0.0.1:56892
Begin MonoManager ReloadAssembly
Registering precompiled unity dll's ...
Register platform support module: C:/Program Files/Unity/Hub/Editor/2020.3.5f1/Editor/Data/PlaybackEngines/WebGLSupport/UnityEditor.WebGL.Extensions.dll
Register platform support module: C:/Program Files/Unity/Hub/Editor/2020.3.5f1/Editor/Data/PlaybackEngines/MacStandaloneSupport/UnityEditor.OSXStandalone.Extensions.dll
Register platform support module: C:/Program Files/Unity/Hub/Editor/2020.3.5f1/Editor/Data/PlaybackEngines/WindowsStandaloneSupport/UnityEditor.WindowsStandalone.Extensions.dll
Register platform support module: C:/Program Files/Unity/Hub/Editor/2020.3.5f1/Editor/Data/PlaybackEngines/LinuxStandaloneSupport/UnityEditor.LinuxStandalone.Extensions.dll
Registered in 0.003285 seconds.
Native extension for LinuxStandalone target not found
Native extension for WindowsStandalone target not found
Native extension for OSXStandalone target not found
Native extension for WebGL target not found
Refreshing native plugins compatible for Editor in 42.42 ms, found 1 plugins.
Preloading 0 native plugins for Editor in 0.00 ms.
Mono: successfully reloaded assembly
- Completed reload, in  2.071 seconds
Platform modules already initialized, skipping
Registering precompiled user dll's ...
Registered in 0.000955 seconds.
Begin MonoManager ReloadAssembly
Native extension for LinuxStandalone target not found
Native extension for WindowsStandalone target not found
Native extension for OSXStandalone target not found
Native extension for WebGL target not found
Refreshing native plugins compatible for Editor in 43.00 ms, found 1 plugins.
Preloading 0 native plugins for Editor in 0.00 ms.
Mono: successfully reloaded assembly
- Completed reload, in  0.921 seconds
Platform modules already initialized, skipping
========================================================================
Worker process is ready to serve import requests
Launched and connected shader compiler UnityShaderCompiler.exe after 0.04 seconds
Refreshing native plugins compatible for Editor in 0.44 ms, found 1 plugins.
Preloading 0 native plugins for Editor in 0.00 ms.
Unloading 2005 Unused Serialized files (Serialized files now loaded: 0)
System memory in use before: 92.1 MB.
System memory in use after: 92.2 MB.

Unloading 19 unused Assets to reduce memory usage. Loaded Objects now: 2451.
Total: 1.926200 ms (FindLiveObjects: 0.261500 ms CreateObjectMapping: 0.099500 ms MarkObjects: 1.498400 ms  DeleteObjects: 0.065700 ms)

========================================================================
Received Import Request.
  path: Assets/dialogue box.png
  artifactKey: Guid(ed2308f23e767454b9448dd637390d02) Importer(815301076,1909f56bfc062723c751e8b465ee728b)
Start importing Assets/dialogue box.png using Guid(ed2308f23e767454b9448dd637390d02) Importer(815301076,1909f56bfc062723c751e8b465ee728b)  -> (artifact id: 'd689c4d9036afa8d81798c1c067848b0') in 0.096382 seconds
  Import took 0.099432 seconds .

========================================================================
Received Import Request.
  Time since last request: 0.000253 seconds.
  path: Assets/70015344_p0_master1200.png
  artifactKey: Guid(40c7f8b6b4573ff43a1ba0e6dee11100) Importer(815301076,1909f56bfc062723c751e8b465ee728b)
Start importing Assets/70015344_p0_master1200.png using Guid(40c7f8b6b4573ff43a1ba0e6dee11100) Importer(815301076,1909f56bfc062723c751e8b465ee728b)  -> (artifact id: 'cc996b382cbffb820dd07a15c8765228') in 0.020479 seconds
  Import took 0.023312 seconds .

========================================================================
Received Import Request.
  Time since last request: 0.000250 seconds.
  path: Assets/image0 (2).png
  artifactKey: Guid(f7af3a2530c8b8b4cb68c56db89c559c) Importer(815301076,1909f56bfc062723c751e8b465ee728b)
Start importing Assets/image0 (2).png using Guid(f7af3a2530c8b8b4cb68c56db89c559c) Importer(815301076,1909f56bfc062723c751e8b465ee728b)  -> (artifact id: '79ebf1134768a503783af373400e66ea') in 0.024425 seconds
  Import took 0.027369 seconds .

========================================================================
Received Import Request.
  Time since last request: 7.545751 seconds.
  path: Assets/70015344_p0_master1200.png
  artifactKey: Guid(40c7f8b6b4573ff43a1ba0e6dee11100) Importer(815301076,1909f56bfc062723c751e8b465ee728b)
Start importing Assets/70015344_p0_master1200.png using Guid(40c7f8b6b4573ff43a1ba0e6dee11100) Importer(815301076,1909f56bfc062723c751e8b465ee728b)  -> (artifact id: 'cc996b382cbffb820dd07a15c8765228') in 0.013869 seconds
  Import took 0.016859 seconds .

========================================================================
Received Prepare
Registering precompiled user dll's ...
Registered in 0.007280 seconds.
Begin MonoManager ReloadAssembly
Native extension for LinuxStandalone target not found
Native extension for WindowsStandalone target not found
Native extension for OSXStandalone target not found
Native extension for WebGL target not found
Refreshing native plugins compatible for Editor in 0.53 ms, found 3 plugins.
Preloading 0 native plugins for Editor in 0.00 ms.
Mono: successfully reloaded assembly
- Completed reload, in  0.844 seconds
Platform modules already initialized, skipping
Switching build target platform(5) subTarget(0) extendedPlatform(0) -> platform(9) subTarget(16777218) extendedPlatform(0)
Refreshing native plugins compatible for Editor in 0.53 ms, found 3 plugins.
Preloading 0 native plugins for Editor in 0.00 ms.
Unloading 2007 Unused Serialized files (Serialized files now loaded: 0)
System memory in use before: 94.0 MB.
System memory in use after: 94.1 MB.

Unloading 25 unused Assets to reduce memory usage. Loaded Objects now: 2508.
Total: 2.122400 ms (FindLiveObjects: 0.187000 ms CreateObjectMapping: 0.077900 ms MarkObjects: 1.839400 ms  DeleteObjects: 0.017100 ms)

AssetImportParameters requested are different than current active one (requested -> active):
  custom:graphics/normal-map-encoding: 01000000000000000000000000000000 -> 02000000000000000000000000000000
========================================================================
Received Prepare
Registering precompiled user dll's ...
Registered in 0.005519 seconds.
Begin MonoManager ReloadAssembly
Native extension for LinuxStandalone target not found
Native extension for WindowsStandalone target not found
Native extension for OSXStandalone target not found
Native extension for WebGL target not found
Refreshing native plugins compatible for Editor in 0.56 ms, found 3 plugins.
Preloading 0 native plugins for Editor in 0.00 ms.
Mono: successfully reloaded assembly
- Completed reload, in  0.860 seconds
Platform modules already initialized, skipping
Switching build target platform(5) subTarget(0) extendedPlatform(0) -> platform(9) subTarget(16777218) extendedPlatform(0)
Refreshing native plugins compatible for Editor in 0.58 ms, found 3 plugins.
Preloading 0 native plugins for Editor in 0.00 ms.
Unloading 2007 Unused Serialized files (Serialized files now loaded: 0)
System memory in use before: 94.2 MB.
System memory in use after: 94.3 MB.

Unloading 25 unused Assets to reduce memory usage. Loaded Objects now: 2511.
Total: 1.997400 ms (FindLiveObjects: 0.192900 ms CreateObjectMapping: 0.086800 ms MarkObjects: 1.691200 ms  DeleteObjects: 0.025500 ms)

AssetImportParameters requested are different than current active one (requested -> active):
  custom:graphics/normal-map-encoding: 01000000000000000000000000000000 -> 02000000000000000000000000000000
========================================================================
Received Prepare
Registering precompiled user dll's ...
Registered in 0.005517 seconds.
Begin MonoManager ReloadAssembly
Native extension for LinuxStandalone target not found
Native extension for WindowsStandalone target not found
Native extension for OSXStandalone target not found
Native extension for WebGL target not found
Refreshing native plugins compatible for Editor in 0.54 ms, found 3 plugins.
Preloading 0 native plugins for Editor in 0.00 ms.
Mono: successfully reloaded assembly
- Completed reload, in  0.881 seconds
Platform modules already initialized, skipping
Refreshing native plugins compatible for Editor in 0.54 ms, found 3 plugins.
Preloading 0 native plugins for Editor in 0.00 ms.
Unloading 2003 Unused Serialized files (Serialized files now loaded: 0)
System memory in use before: 94.1 MB.
System memory in use after: 94.2 MB.

Unloading 25 unused Assets to reduce memory usage. Loaded Objects now: 2514.
Total: 2.149700 ms (FindLiveObjects: 0.204400 ms CreateObjectMapping: 0.083400 ms MarkObjects: 1.843500 ms  DeleteObjects: 0.017700 ms)

========================================================================
Received Prepare
Refreshing native plugins compatible for Editor in 4.92 ms, found 3 plugins.
Preloading 0 native plugins for Editor in 0.00 ms.
Unloading 23 Unused Serialized files (Serialized files now loaded: 0)
System memory in use before: 55.0 MB.
System memory in use after: 55.1 MB.

Unloading 22 unused Assets to reduce memory usage. Loaded Objects now: 2514.
Total: 2.126500 ms (FindLiveObjects: 0.202100 ms CreateObjectMapping: 0.094500 ms MarkObjects: 1.807500 ms  DeleteObjects: 0.021400 ms)

========================================================================
Received Prepare
Refreshing native plugins compatible for Editor in 4.76 ms, found 3 plugins.
Preloading 0 native plugins for Editor in 0.00 ms.
Unloading 23 Unused Serialized files (Serialized files now loaded: 0)
System memory in use before: 55.0 MB.
System memory in use after: 55.1 MB.

Unloading 22 unused Assets to reduce memory usage. Loaded Objects now: 2514.
Total: 2.353600 ms (FindLiveObjects: 0.299100 ms CreateObjectMapping: 0.102400 ms MarkObjects: 1.931600 ms  DeleteObjects: 0.019200 ms)

========================================================================
Received Import Request.
  Time since last request: 164.280619 seconds.
  path: Assets/70015344_p0_master1200.png
  artifactKey: Guid(40c7f8b6b4573ff43a1ba0e6dee11100) Importer(815301076,1909f56bfc062723c751e8b465ee728b)
Start importing Assets/70015344_p0_master1200.png using Guid(40c7f8b6b4573ff43a1ba0e6dee11100) Importer(815301076,1909f56bfc062723c751e8b465ee728b)  -> (artifact id: 'e06b6dda87382a7853e850c16f1a98e4') in 0.071024 seconds
  Import took 0.074243 seconds .

========================================================================
Received Import Request.
  Time since last request: 0.000211 seconds.
  path: Assets/dialogue box.png
  artifactKey: Guid(ed2308f23e767454b9448dd637390d02) Importer(815301076,1909f56bfc062723c751e8b465ee728b)
Start importing Assets/dialogue box.png using Guid(ed2308f23e767454b9448dd637390d02) Importer(815301076,1909f56bfc062723c751e8b465ee728b)  -> (artifact id: '21f30848a4ba7826fa9389b69012b0c1') in 0.042592 seconds
  Import took 0.045478 seconds .

========================================================================
Received Import Request.
  Time since last request: 0.000207 seconds.
  path: Assets/image0 (2).png
  artifactKey: Guid(f7af3a2530c8b8b4cb68c56db89c559c) Importer(815301076,1909f56bfc062723c751e8b465ee728b)
Start importing Assets/image0 (2).png using Guid(f7af3a2530c8b8b4cb68c56db89c559c) Importer(815301076,1909f56bfc062723c751e8b465ee728b)  -> (artifact id: '3df6ca0208b6ff3ddc0e3cf142658379') in 0.015468 seconds
  Import took 0.018213 seconds .

========================================================================
Received Prepare
Registering precompiled user dll's ...
Registered in 0.005755 seconds.
Begin MonoManager ReloadAssembly
Native extension for LinuxStandalone target not found
Native extension for WindowsStandalone target not found
Native extension for OSXStandalone target not found
Native extension for WebGL target not found
Refreshing native plugins compatible for Editor in 0.66 ms, found 3 plugins.
Preloading 0 native plugins for Editor in 0.00 ms.
Mono: successfully reloaded assembly
- Completed reload, in  0.897 seconds
Platform modules already initialized, skipping
Refreshing native plugins compatible for Editor in 0.67 ms, found 3 plugins.
Preloading 0 native plugins for Editor in 0.00 ms.
Unloading 2003 Unused Serialized files (Serialized files now loaded: 0)
System memory in use before: 94.2 MB.
System memory in use after: 94.3 MB.

Unloading 25 unused Assets to reduce memory usage. Loaded Objects now: 2518.
Total: 2.149600 ms (FindLiveObjects: 0.299500 ms CreateObjectMapping: 0.108500 ms MarkObjects: 1.719600 ms  DeleteObjects: 0.020200 ms)

========================================================================
Received Prepare
Registering precompiled user dll's ...
Registered in 0.006053 seconds.
Begin MonoManager ReloadAssembly
Native extension for LinuxStandalone target not found
Native extension for WindowsStandalone target not found
Native extension for OSXStandalone target not found
Native extension for WebGL target not found
Refreshing native plugins compatible for Editor in 0.57 ms, found 3 plugins.
Preloading 0 native plugins for Editor in 0.00 ms.
Mono: successfully reloaded assembly
- Completed reload, in  0.941 seconds
Platform modules already initialized, skipping
Refreshing native plugins compatible for Editor in 0.80 ms, found 3 plugins.
Preloading 0 native plugins for Editor in 0.00 ms.
Unloading 2003 Unused Serialized files (Serialized files now loaded: 0)
System memory in use before: 94.2 MB.
System memory in use after: 94.3 MB.

Unloading 25 unused Assets to reduce memory usage. Loaded Objects now: 2521.
Total: 3.053600 ms (FindLiveObjects: 0.278700 ms CreateObjectMapping: 0.109000 ms MarkObjects: 2.642000 ms  DeleteObjects: 0.021900 ms)

AssetImportWorkerClient::OnTransportError - code=2 error=End of file
